
Showing logs for build [32mcb-kubecd-environment-pr-179-34-w6jtf-1[0m stage [32mfrom-build-pack[0m and container [32mstep-credential-initializer-j8wxs[0m
{"level":"warn","ts":1583953487.2392876,"logger":"fallback-logger","caller":"logging/config.go:69","msg":"Fetch GitHub commit ID from kodata failed: \"ref: refs/heads/0.8.0-**-support-backwards-incompats\" is not a valid GitHub commit ID"}
{"level":"info","ts":1583953487.239905,"logger":"fallback-logger","caller":"creds-init/main.go:40","msg":"Credentials initialized."}

Showing logs for build [32mcb-kubecd-environment-pr-179-34-w6jtf-1[0m stage [32mfrom-build-pack[0m and container [32mstep-working-dir-initializer-7xbdj[0m
{"level":"warn","ts":1583953488.6535895,"logger":"fallback-logger","caller":"logging/config.go:69","msg":"Fetch GitHub commit ID from kodata failed: open /var/run/ko/HEAD: no such file or directory"}
{"level":"info","ts":1583953488.6567519,"logger":"fallback-logger","caller":"bash/main.go:64","msg":"Successfully executed command \"sh -c mkdir -p /workspace/source\"; output "}

Showing logs for build [32mcb-kubecd-environment-pr-179-34-w6jtf-1[0m stage [32mfrom-build-pack[0m and container [32mstep-place-tools[0m

Showing logs for build [32mcb-kubecd-environment-pr-179-34-w6jtf-1[0m stage [32mfrom-build-pack[0m and container [32mstep-git-source-cb-kubecd-environment-pr-179-34-w6jtf-dxpxc[0m
{"level":"warn","ts":1583953492.7609916,"logger":"fallback-logger","caller":"logging/config.go:69","msg":"Fetch GitHub commit ID from kodata failed: \"ref: refs/heads/0.8.0-**-support-backwards-incompats\" is not a valid GitHub commit ID"}
{"level":"info","ts":1583953493.8455565,"logger":"fallback-logger","caller":"git/git.go:103","msg":"Successfully cloned https://github.com/cb-kubecd/environment-pr-179-34-boot-vault-gke-staging.git @ master in path /workspace/source"}

Showing logs for build [32mcb-kubecd-environment-pr-179-34-w6jtf-1[0m stage [32mfrom-build-pack[0m and container [32mstep-git-merge[0m
Using SHAs from PULL_REFS=master:91235b59aadb6bae34db24515be2b917fa768943,2:910c80283cc5f67bf3b1c15fa60c5583168980fd
DEBUG: LC_ALL=C JX_LOG_LEVEL=error git fetch origin --unshallow 910c80283cc5f67bf3b1c15fa60c5583168980fd: 91235b59aadb6bae34db24515be2b917fa768943:
DEBUG: ran git fetch --unshallow origin 910c80283cc5f67bf3b1c15fa60c5583168980fd: 91235b59aadb6bae34db24515be2b917fa768943: in 
DEBUG: LC_ALL=C JX_LOG_LEVEL=error git branch
DEBUG: LC_ALL=C JX_LOG_LEVEL=error git checkout master
DEBUG: ran git checkout master in 
DEBUG: LC_ALL=C JX_LOG_LEVEL=error git reset --hard 91235b59aadb6bae34db24515be2b917fa768943
DEBUG: ran git reset --hard 91235b59aadb6bae34db24515be2b917fa768943 in 
DEBUG: LC_ALL=C JX_LOG_LEVEL=error git clean -fd .
DEBUG: ran clean --force -d . in 
DEBUG: LC_ALL=C JX_LOG_LEVEL=error git merge 910c80283cc5f67bf3b1c15fa60c5583168980fd
DEBUG: ran git merge 910c80283cc5f67bf3b1c15fa60c5583168980fd in 
DEBUG: LC_ALL=C JX_LOG_LEVEL=error git log --format=%H%x1f%an%x1f%ae%x1f%cn%x1f%ce%x1f%s%n%b%x1e 91235b59aadb6bae34db24515be2b917fa768943..HEAD
Merged SHA 910c80283cc5f67bf3b1c15fa60c5583168980fd with commit message 'chore: Promote bdd-nh-1583953147 to version 0.0.1' into base branch master

Showing logs for build [32mcb-kubecd-environment-pr-179-34-w6jtf-1[0m stage [32mfrom-build-pack[0m and container [32mstep-build-helm-build[0m
WARNING: No $CHART_REPOSITORY defined so using the default value of: http://jenkins-x-chartmuseum:8080
Adding missing Helm repo: storage.googleapis.com https://storage.googleapis.com/chartmuseum.jenkins-x.io
WARNING: No secrets found on "helm/repos" due: reading the secret "helm/repos" from vault: no secret "helm/repos" not found in vault
Read credentials for https://storage.googleapis.com/chartmuseum.jenkins-x.io from vault helm/repos
Successfully added Helm repository storage.googleapis.com.
Adding missing Helm repo: jenkins-x-chartmuseum http://jenkins-x-chartmuseum:8080
WARNING: No secrets found on "helm/repos" due: reading the secret "helm/repos" from vault: no secret "helm/repos" not found in vault
Read credentials for http://jenkins-x-chartmuseum:8080 from vault helm/repos
Successfully added Helm repository jenkins-x-chartmuseum.
WARNING: No $CHART_REPOSITORY defined so using the default value of: http://jenkins-x-chartmuseum:8080
Adding missing Helm repo: chartmuseum.jenkins-x.io http://chartmuseum.jenkins-x.io
WARNING: No secrets found on "helm/repos" due: reading the secret "helm/repos" from vault: no secret "helm/repos" not found in vault
Read credentials for http://chartmuseum.jenkins-x.io from vault helm/repos
Successfully added Helm repository chartmuseum.jenkins-x.io.
