
Showing logs for build [32mcb-kubecd-environment-pr-179-34-r72zc-1[0m stage [32mfrom-build-pack[0m and container [32mstep-credential-initializer-g799f[0m
{"level":"warn","ts":1583955245.3580112,"logger":"fallback-logger","caller":"logging/config.go:69","msg":"Fetch GitHub commit ID from kodata failed: \"ref: refs/heads/0.8.0-**-support-backwards-incompats\" is not a valid GitHub commit ID"}
{"level":"info","ts":1583955245.3587282,"logger":"fallback-logger","caller":"creds-init/main.go:40","msg":"Credentials initialized."}

Showing logs for build [32mcb-kubecd-environment-pr-179-34-r72zc-1[0m stage [32mfrom-build-pack[0m and container [32mstep-working-dir-initializer-dptch[0m
{"level":"warn","ts":1583955245.7895026,"logger":"fallback-logger","caller":"logging/config.go:69","msg":"Fetch GitHub commit ID from kodata failed: open /var/run/ko/HEAD: no such file or directory"}
{"level":"info","ts":1583955245.7910779,"logger":"fallback-logger","caller":"bash/main.go:64","msg":"Successfully executed command \"sh -c mkdir -p /workspace/source\"; output "}

Showing logs for build [32mcb-kubecd-environment-pr-179-34-r72zc-1[0m stage [32mfrom-build-pack[0m and container [32mstep-place-tools[0m

Showing logs for build [32mcb-kubecd-environment-pr-179-34-r72zc-1[0m stage [32mfrom-build-pack[0m and container [32mstep-git-source-cb-kubecd-environment-pr-179-34-r72zc-x695p[0m
{"level":"warn","ts":1583955251.1277795,"logger":"fallback-logger","caller":"logging/config.go:69","msg":"Fetch GitHub commit ID from kodata failed: \"ref: refs/heads/0.8.0-**-support-backwards-incompats\" is not a valid GitHub commit ID"}
{"level":"info","ts":1583955252.1999536,"logger":"fallback-logger","caller":"git/git.go:103","msg":"Successfully cloned https://github.com/cb-kubecd/environment-pr-179-34-boot-vault-gke-staging.git @ master in path /workspace/source"}

Showing logs for build [32mcb-kubecd-environment-pr-179-34-r72zc-1[0m stage [32mfrom-build-pack[0m and container [32mstep-git-merge[0m
Using SHAs from PULL_REFS=master:c583aa104eebf8c0704d1649ab1c8b3138b34b75,4:e26a97c81006dfd010652bf8193280ed9f940c39
DEBUG: JX_LOG_LEVEL=error LC_ALL=C git fetch origin --unshallow e26a97c81006dfd010652bf8193280ed9f940c39: c583aa104eebf8c0704d1649ab1c8b3138b34b75:
DEBUG: ran git fetch --unshallow origin e26a97c81006dfd010652bf8193280ed9f940c39: c583aa104eebf8c0704d1649ab1c8b3138b34b75: in 
DEBUG: JX_LOG_LEVEL=error LC_ALL=C git branch
DEBUG: LC_ALL=C JX_LOG_LEVEL=error git checkout master
DEBUG: ran git checkout master in 
DEBUG: LC_ALL=C JX_LOG_LEVEL=error git reset --hard c583aa104eebf8c0704d1649ab1c8b3138b34b75
DEBUG: ran git reset --hard c583aa104eebf8c0704d1649ab1c8b3138b34b75 in 
DEBUG: JX_LOG_LEVEL=error LC_ALL=C git clean -fd .
DEBUG: ran clean --force -d . in 
DEBUG: LC_ALL=C JX_LOG_LEVEL=error git merge e26a97c81006dfd010652bf8193280ed9f940c39
DEBUG: ran git merge e26a97c81006dfd010652bf8193280ed9f940c39 in 
DEBUG: LC_ALL=C JX_LOG_LEVEL=error git log --format=%H%x1f%an%x1f%ae%x1f%cn%x1f%ce%x1f%s%n%b%x1e c583aa104eebf8c0704d1649ab1c8b3138b34b75..HEAD
Merged SHA e26a97c81006dfd010652bf8193280ed9f940c39 with commit message 'chore: Promote bdd-sbhg-1583953147 to version 0.0.1' into base branch master

Showing logs for build [32mcb-kubecd-environment-pr-179-34-r72zc-1[0m stage [32mfrom-build-pack[0m and container [32mstep-build-helm-build[0m
WARNING: No $CHART_REPOSITORY defined so using the default value of: http://jenkins-x-chartmuseum:8080
Adding missing Helm repo: storage.googleapis.com https://storage.googleapis.com/chartmuseum.jenkins-x.io
WARNING: No secrets found on "helm/repos" due: reading the secret "helm/repos" from vault: no secret "helm/repos" not found in vault
Read credentials for https://storage.googleapis.com/chartmuseum.jenkins-x.io from vault helm/repos
Successfully added Helm repository storage.googleapis.com.
Adding missing Helm repo: jenkins-x-chartmuseum http://jenkins-x-chartmuseum:8080
WARNING: No secrets found on "helm/repos" due: reading the secret "helm/repos" from vault: no secret "helm/repos" not found in vault
Read credentials for http://jenkins-x-chartmuseum:8080 from vault helm/repos
Successfully added Helm repository jenkins-x-chartmuseum.
WARNING: No $CHART_REPOSITORY defined so using the default value of: http://jenkins-x-chartmuseum:8080
Adding missing Helm repo: chartmuseum.jenkins-x.io http://chartmuseum.jenkins-x.io
WARNING: No secrets found on "helm/repos" due: reading the secret "helm/repos" from vault: no secret "helm/repos" not found in vault
Read credentials for http://chartmuseum.jenkins-x.io from vault helm/repos
Successfully added Helm repository chartmuseum.jenkins-x.io.
